WARNING: This is a development server. Do not use it in a production deployment. Use a production WSGI server instead.
 * Running on all addresses (0.0.0.0)
 * Running on http://127.0.0.1:5000
 * Running on http://192.168.50.229:5000
Press CTRL+C to quit
 * Restarting with stat
 * Debugger is active!
 * Debugger PIN: 136-076-846
 * Detected change in 'E:\\ERP SUPER SHOP\\backend\\models.py', reloading
 * Restarting with stat
 * Debugger is active!
 * Debugger PIN: 136-076-846
 * Detected change in 'E:\\ERP SUPER SHOP\\backend\\routes.py', reloading
 * Restarting with stat
 * Debugger is active!
 * Debugger PIN: 136-076-846
 * Detected change in 'E:\\ERP SUPER SHOP\\backend\\routes.py', reloading
 * Restarting with stat
 * Debugger is active!
 * Debugger PIN: 136-076-846
